-outxml
-source
1.6
-target
1.6
-classpath
/home/ivor/.m2/repository/aopalliance/aopalliance/1.0/aopalliance-1.0.jar:/home/ivor/.m2/repository/commons-codec/commons-codec/1.4/commons-codec-1.4.jar:/home/ivor/.m2/repository/commons-collections/commons-collections/3.2.1/commons-collections-3.2.1.jar:/home/ivor/.m2/repository/commons-io/commons-io/1.4/commons-io-1.4.jar:/home/ivor/.m2/repository/commons-lang/commons-lang/2.4/commons-lang-2.4.jar:/home/ivor/.m2/repository/commons-logging/commons-logging/1.1.1/commons-logging-1.1.1.jar:/home/ivor/.m2/repository/javax/activation/activation/1.1/activation-1.1.jar:/home/ivor/.m2/repository/javax/inject/javax.inject/1/javax.inject-1.jar:/home/ivor/.m2/repository/javax/mail/mail/1.4/mail-1.4.jar:/home/ivor/.m2/repository/javax/servlet/jstl/1.1.2/jstl-1.1.2.jar:/home/ivor/.m2/repository/javax/servlet/servlet-api/2.4/servlet-api-2.4.jar:/home/ivor/.m2/repository/javax/servlet/jsp/jsp-api/2.0/jsp-api-2.0.jar:/home/ivor/.m2/repository/junit/junit/4.7/junit-4.7.jar:/home/ivor/.m2/repository/log4j/log4j/1.2.15/log4j-1.2.15.jar:/home/ivor/.m2/repository/net/sourceforge/cssparser/cssparser/0.9.5/cssparser-0.9.5.jar:/home/ivor/.m2/repository/net/sourceforge/htmlunit/htmlunit/2.8/htmlunit-2.8.jar:/home/ivor/.m2/repository/net/sourceforge/htmlunit/htmlunit-core-js/2.8/htmlunit-core-js-2.8.jar:/home/ivor/.m2/repository/net/sourceforge/nekohtml/nekohtml/1.9.14/nekohtml-1.9.14.jar:/home/ivor/.m2/repository/org/apache/httpcomponents/httpclient/4.0.1/httpclient-4.0.1.jar:/home/ivor/.m2/repository/org/apache/httpcomponents/httpcore/4.0.1/httpcore-4.0.1.jar:/home/ivor/.m2/repository/org/apache/httpcomponents/httpmime/4.0.1/httpmime-4.0.1.jar:/home/ivor/.m2/repository/org/apache/james/apache-mime4j/0.6/apache-mime4j-0.6.jar:/home/ivor/.m2/repository/org/aspectj/aspectjrt/1.6.9/aspectjrt-1.6.9.jar:/home/ivor/.m2/repository/org/slf4j/jcl-over-slf4j/1.5.10/jcl-over-slf4j-1.5.10.jar:/home/ivor/.m2/repository/org/slf4j/slf4j-api/1.5.10/slf4j-api-1.5.10.jar:/home/ivor/.m2/repository/org/slf4j/slf4j-log4j12/1.5.10/slf4j-log4j12-1.5.10.jar:/home/ivor/.m2/repository/org/springframework/spring-aop/3.0.4.RELEASE/spring-aop-3.0.4.RELEASE.jar:/home/ivor/.m2/repository/org/springframework/spring-asm/3.0.4.RELEASE/spring-asm-3.0.4.RELEASE.jar:/home/ivor/.m2/repository/org/springframework/spring-beans/3.0.4.RELEASE/spring-beans-3.0.4.RELEASE.jar:/home/ivor/.m2/repository/org/springframework/spring-context/3.0.4.RELEASE/spring-context-3.0.4.RELEASE.jar:/home/ivor/.m2/repository/org/springframework/spring-context-support/3.0.4.RELEASE/spring-context-support-3.0.4.RELEASE.jar:/home/ivor/.m2/repository/org/springframework/spring-core/3.0.4.RELEASE/spring-core-3.0.4.RELEASE.jar:/home/ivor/.m2/repository/org/springframework/spring-expression/3.0.4.RELEASE/spring-expression-3.0.4.RELEASE.jar:/home/ivor/.m2/repository/org/springframework/spring-web/3.0.4.RELEASE/spring-web-3.0.4.RELEASE.jar:/home/ivor/.m2/repository/org/springframework/spring-webmvc/3.0.4.RELEASE/spring-webmvc-3.0.4.RELEASE.jar:/home/ivor/.m2/repository/org/springframework/roo/org.springframework.roo.annotations/1.0.2.RELEASE/org.springframework.roo.annotations-1.0.2.RELEASE.jar:/home/ivor/.m2/repository/org/w3c/css/sac/1.3/sac-1.3.jar:/home/ivor/.m2/repository/taglibs/standard/1.1.2/standard-1.1.2.jar:/home/ivor/.m2/repository/xalan/serializer/2.7.1/serializer-2.7.1.jar:/home/ivor/.m2/repository/xalan/xalan/2.7.1/xalan-2.7.1.jar:/home/ivor/.m2/repository/xerces/xercesImpl/2.9.1/xercesImpl-2.9.1.jar:/home/ivor/.m2/repository/xml-apis/xml-apis/1.3.04/xml-apis-1.3.04.jar:/home/ivor/Documents/workspace-sts-2.6.0.SR1/iProxy/target/classes
-d
/home/ivor/Documents/workspace-sts-2.6.0.SR1/iProxy/target/classes
/home/ivor/Documents/workspace-sts-2.6.0.SR1/iProxy/src/main/java/com/prebeg/iproxy/ihznet/data/scraper/iHZNetScraperEngine.java
/home/ivor/Documents/workspace-sts-2.6.0.SR1/iProxy/src/main/java/com/prebeg/iproxy/ihznet/data/scraper/RasporedService.java
/home/ivor/Documents/workspace-sts-2.6.0.SR1/iProxy/src/main/java/com/prebeg/iproxy/cijenegoriva/data/scraper/ScraperService.java
/home/ivor/Documents/workspace-sts-2.6.0.SR1/iProxy/src/main/java/com/prebeg/iproxy/cijenegoriva/model/Gorivo.java
/home/ivor/Documents/workspace-sts-2.6.0.SR1/iProxy/src/main/java/com/prebeg/iproxy/cijenegoriva/data/scraper/CroBenzScraper.java
/home/ivor/Documents/workspace-sts-2.6.0.SR1/iProxy/src/main/java/com/prebeg/iproxy/cijenegoriva/data/scraper/LukoilScraper.java
/home/ivor/Documents/workspace-sts-2.6.0.SR1/iProxy/src/main/java/com/prebeg/iproxy/ieurail/iEURailController.java
/home/ivor/Documents/workspace-sts-2.6.0.SR1/iProxy/src/main/java/com/prebeg/iproxy/cijenegoriva/data/CjenikDAO.java
/home/ivor/Documents/workspace-sts-2.6.0.SR1/iProxy/src/main/java/com/prebeg/iproxy/cijenegoriva/data/CachedCjenik.java
/home/ivor/Documents/workspace-sts-2.6.0.SR1/iProxy/src/main/java/com/prebeg/iproxy/cijenegoriva/data/scraper/INAScraper.java
/home/ivor/Documents/workspace-sts-2.6.0.SR1/iProxy/src/main/java/com/prebeg/iproxy/HomeController.java
/home/ivor/Documents/workspace-sts-2.6.0.SR1/iProxy/src/main/java/com/prebeg/iproxy/ieurail/model/Journey.java
/home/ivor/Documents/workspace-sts-2.6.0.SR1/iProxy/src/main/java/com/prebeg/iproxy/cijenegoriva/data/CjenikFilterEngine.java
/home/ivor/Documents/workspace-sts-2.6.0.SR1/iProxy/src/main/java/com/prebeg/iproxy/cijenegoriva/data/scraper/ScraperEngine.java
/home/ivor/Documents/workspace-sts-2.6.0.SR1/iProxy/src/main/java/com/prebeg/iproxy/cijenegoriva/model/Cjenik.java
/home/ivor/Documents/workspace-sts-2.6.0.SR1/iProxy/src/main/java/com/prebeg/iproxy/ihznet/model/Kolodvori.java
/home/ivor/Documents/workspace-sts-2.6.0.SR1/iProxy/src/main/java/com/prebeg/iproxy/ihznet/model/Linija.java
/home/ivor/Documents/workspace-sts-2.6.0.SR1/iProxy/src/main/java/com/prebeg/iproxy/cijenegoriva/data/scraper/PetrolScraper.java
/home/ivor/Documents/workspace-sts-2.6.0.SR1/iProxy/src/main/java/com/prebeg/iproxy/cijenegoriva/data/scraper/TifonScraper.java
/home/ivor/Documents/workspace-sts-2.6.0.SR1/iProxy/src/main/java/com/prebeg/iproxy/cijenegoriva/data/scraper/EuroPetrolScraper.java
/home/ivor/Documents/workspace-sts-2.6.0.SR1/iProxy/src/main/java/com/prebeg/iproxy/ieurail/model/Line.java
/home/ivor/Documents/workspace-sts-2.6.0.SR1/iProxy/src/main/java/com/prebeg/iproxy/ihznet/model/Putovanje.java
/home/ivor/Documents/workspace-sts-2.6.0.SR1/iProxy/src/main/java/com/prebeg/iproxy/cijenegoriva/data/scraper/OMVScraper.java
/home/ivor/Documents/workspace-sts-2.6.0.SR1/iProxy/src/main/java/com/prebeg/iproxy/cijenegoriva/CijeneGorivaController.java
/home/ivor/Documents/workspace-sts-2.6.0.SR1/iProxy/src/main/java/com/prebeg/iproxy/ieurail/model/Timetable.java
/home/ivor/Documents/workspace-sts-2.6.0.SR1/iProxy/src/main/java/com/prebeg/iproxy/ihznet/iHZNetController.java
/home/ivor/Documents/workspace-sts-2.6.0.SR1/iProxy/src/main/java/com/prebeg/iproxy/ihznet/model/Raspored.java
